TN:
SF:src\api\getJobs.ts
FN:4,(anonymous_1)
FNF:1
FNH:1
FNDA:2,(anonymous_1)
DA:1,10
DA:4,10
DA:5,2
DA:6,2
DA:7,2
DA:10,10
LF:6
LH:6
BRF:0
BRH:0
end_of_record
TN:
SF:src\api\getSpotlights.ts
FN:4,(anonymous_1)
FNF:1
FNH:1
FNDA:2,(anonymous_1)
DA:1,10
DA:4,10
DA:5,2
DA:6,2
DA:7,2
DA:10,10
LF:6
LH:6
BRF:0
BRH:0
end_of_record
TN:
SF:src\components\JobResults\JobListing.vue
FN:63,(anonymous_0)
FN:68,(anonymous_1)
FN:69,(anonymous_2)
FNF:3
FNH:2
FNDA:0,(anonymous_0)
FNDA:5,(anonymous_1)
FNDA:5,(anonymous_2)
DA:54,2
DA:57,2
DA:64,0
DA:69,5
DA:70,5
LF:5
LH:4
BRF:0
BRH:0
end_of_record
TN:
SF:src\components\JobResults\JobListings.vue
FN:49,(anonymous_1)
FN:56,(anonymous_2)
FN:63,(anonymous_3)
FNF:3
FNH:2
FNDA:6,(anonymous_1)
FNDA:0,(anonymous_2)
FNDA:6,(anonymous_3)
DA:38,1
DA:40,1
DA:41,1
DA:42,1
DA:44,1
DA:46,1
DA:50,6
DA:52,6
DA:54,6
DA:56,6
DA:58,6
DA:63,6
DA:64,6
DA:65,6
DA:66,6
DA:67,6
DA:70,6
LF:17
LH:17
BRF:0
BRH:0
end_of_record
TN:
SF:src\components\JobResults\JobFiltersSidebar\JobFiltersSidebar.vue
FN:46,(anonymous_1)
FNF:1
FNH:1
FNDA:2,(anonymous_1)
DA:30,1
DA:31,1
DA:32,1
DA:34,1
DA:35,1
DA:40,1
DA:47,2
DA:48,2
DA:50,2
LF:9
LH:9
BRF:0
BRH:0
end_of_record
TN:
SF:src\components\JobResults\JobFiltersSidebar\JobFiltersSidebarCheckboxGroup.vue
FN:53,(anonymous_1)
FN:59,(anonymous_2)
FNF:2
FNH:2
FNDA:3,(anonymous_1)
FNDA:2,(anonymous_2)
DA:30,2
DA:31,2
DA:32,2
DA:33,2
DA:35,2
DA:36,2
DA:54,3
DA:55,3
DA:57,3
DA:59,3
DA:60,2
DA:61,2
DA:66,3
LF:13
LH:13
BRF:0
BRH:0
end_of_record
TN:
SF:src\components\JobSearch\Headline.vue
FN:29,(anonymous_1)
FN:36,(anonymous_2)
FN:42,(anonymous_3)
FN:45,(anonymous_4)
FN:49,(anonymous_5)
FN:50,(anonymous_6)
FNF:6
FNH:6
FNDA:4,(anonymous_1)
FNDA:7,(anonymous_2)
FNDA:4,(anonymous_3)
FNDA:1,(anonymous_4)
FNDA:4,(anonymous_5)
FNDA:3,(anonymous_6)
DA:16,1
DA:17,1
DA:27,1
DA:30,4
DA:37,7
DA:43,4
DA:46,1
DA:49,4
DA:50,4
DA:51,3
DA:52,3
LF:11
LH:11
BRF:0
BRH:0
end_of_record
TN:
SF:src\components\JobSearch\JobSearchForm.vue
FN:65,(anonymous_1)
FN:71,(anonymous_2)
FNF:2
FNH:2
FNDA:1,(anonymous_1)
FNDA:1,(anonymous_2)
DA:53,1
DA:54,1
DA:56,1
DA:57,1
DA:59,1
DA:66,1
DA:68,1
DA:69,1
DA:71,1
DA:72,1
DA:78,1
LF:11
LH:11
BRF:0
BRH:0
end_of_record
TN:
SF:src\components\JobSearch\Spotlight.vue
FN:26,(anonymous_0)
FNF:1
FNH:1
FNDA:1,(anonymous_0)
DA:18,1
DA:22,1
DA:24,1
DA:27,1
DA:29,1
DA:31,1
LF:6
LH:6
BRF:0
BRH:0
end_of_record
TN:
SF:src\components\Navigation\MainNav.vue
FN:63,(anonymous_3)
FN:75,(anonymous_4)
FNF:2
FNH:2
FNDA:5,(anonymous_3)
FNDA:5,(anonymous_4)
DA:47,1
DA:48,1
DA:50,1
DA:51,1
DA:52,1
DA:54,1
DA:56,1
DA:64,5
DA:76,5
LF:9
LH:9
BRF:0
BRH:0
end_of_record
TN:
SF:src\components\Navigation\ProfileImage.vue
FN:13,(anonymous_0)
FNF:1
FNH:1
FNDA:1,(anonymous_0)
DA:10,2
DA:11,2
DA:14,1
LF:3
LH:3
BRF:0
BRH:0
end_of_record
TN:
SF:src\components\Navigation\Subnav.vue
FN:24,(anonymous_1)
FNF:1
FNH:1
FNDA:2,(anonymous_1)
DA:18,2
DA:19,2
DA:20,2
DA:22,2
DA:25,2
DA:27,2
DA:28,2
LF:7
LH:7
BRF:0
BRH:0
end_of_record
TN:
SF:src\components\Shared\Accordion.vue
FN:31,(anonymous_0)
FN:34,(anonymous_1)
FN:38,(anonymous_2)
FNF:3
FNH:3
FNDA:5,(anonymous_0)
FNDA:5,(anonymous_1)
FNDA:10,(anonymous_2)
DA:21,3
DA:22,3
DA:32,5
DA:34,5
DA:35,5
DA:38,5
DA:39,10
DA:42,5
LF:8
LH:8
BRDA:39,0,0,5
BRDA:39,0,1,5
BRF:2
BRH:2
end_of_record
TN:
SF:src\components\Shared\ActionButton.vue
FN:21,(anonymous_0)
FN:26,(anonymous_1)
FN:28,(anonymous_2)
FNF:3
FNH:3
FNDA:8,(anonymous_0)
FNDA:3,(anonymous_1)
FNDA:3,(anonymous_2)
DA:8,4
DA:10,4
DA:22,8
DA:27,3
DA:28,3
DA:29,3
DA:33,3
LF:7
LH:7
BRF:0
BRH:0
end_of_record
TN:
SF:src\components\Shared\HeaderContainer.vue
FNF:0
FNH:0
DA:11,1
DA:12,1
LF:2
LH:2
BRF:0
BRH:0
end_of_record
TN:
SF:src\components\Shared\TextInput.vue
FN:29,(anonymous_0)
FNF:1
FNH:1
FNDA:5,(anonymous_0)
DA:12,2
DA:14,2
DA:30,5
DA:32,5
LF:4
LH:4
BRF:0
BRH:0
end_of_record
TN:
SF:src\composables\useConfirmRoute.ts
FN:4,(anonymous_0)
FN:6,(anonymous_1)
FNF:2
FNH:2
FNDA:1,(anonymous_0)
FNDA:1,(anonymous_1)
DA:1,3
DA:2,3
DA:4,3
DA:5,1
DA:6,1
DA:9,3
LF:6
LH:6
BRF:0
BRH:0
end_of_record
TN:
SF:src\composables\useCurrentPage.ts
FN:4,(anonymous_0)
FN:6,(anonymous_1)
FNF:2
FNH:2
FNDA:2,(anonymous_0)
FNDA:2,(anonymous_1)
DA:1,2
DA:2,2
DA:4,2
DA:5,2
DA:6,2
DA:9,2
LF:6
LH:6
BRDA:6,0,0,2
BRDA:6,0,1,1
BRF:2
BRH:2
end_of_record
TN:
SF:src\composables\usePreviousAndNextPages.ts
FN:7,(anonymous_0)
FN:11,(anonymous_1)
FN:17,(anonymous_2)
FNF:3
FNH:3
FNDA:4,(anonymous_0)
FNDA:2,(anonymous_1)
FNDA:2,(anonymous_2)
DA:1,2
DA:7,2
DA:11,4
DA:12,2
DA:13,2
DA:14,2
DA:17,4
DA:18,2
DA:19,2
DA:22,4
DA:25,2
LF:11
LH:11
BRDA:14,0,0,1
BRDA:14,0,1,1
BRDA:19,1,0,1
BRDA:19,1,1,1
BRF:4
BRH:4
end_of_record
TN:
SF:src\store\actions.ts
FN:17,(anonymous_1)
FN:21,(anonymous_2)
FNF:2
FNH:2
FNDA:2,(anonymous_1)
FNDA:2,(anonymous_2)
DA:1,9
DA:8,9
DA:9,9
DA:16,9
DA:18,2
DA:19,2
DA:22,2
DA:23,2
DA:27,9
LF:9
LH:9
BRF:0
BRH:0
end_of_record
TN:
SF:src\store\composables.ts
FN:18,(anonymous_0)
FN:20,(anonymous_1)
FN:23,(anonymous_2)
FN:25,(anonymous_3)
FN:28,(anonymous_4)
FN:30,(anonymous_5)
FN:33,(anonymous_6)
FN:35,(anonymous_7)
FN:40,(anonymous_8)
FN:45,(anonymous_9)
FNF:10
FNH:10
FNDA:1,(anonymous_0)
FNDA:1,(anonymous_1)
FNDA:1,(anonymous_2)
FNDA:1,(anonymous_3)
FNDA:1,(anonymous_4)
FNDA:1,(anonymous_5)
FNDA:1,(anonymous_6)
FNDA:1,(anonymous_7)
FNDA:1,(anonymous_8)
FNDA:1,(anonymous_9)
DA:1,6
DA:2,6
DA:4,6
DA:6,6
DA:18,6
DA:19,1
DA:20,1
DA:23,6
DA:24,1
DA:25,1
DA:28,6
DA:29,1
DA:30,1
DA:33,6
DA:34,1
DA:35,1
DA:40,6
DA:41,1
DA:42,1
DA:45,6
DA:46,1
DA:47,1
LF:22
LH:22
BRF:0
BRH:0
end_of_record
TN:
SF:src\store\constants.ts
FNF:0
FNH:0
DA:4,11
DA:8,11
DA:9,11
DA:10,11
DA:14,11
DA:15,11
DA:16,11
DA:20,11
DA:21,11
DA:22,11
DA:27,11
DA:28,11
DA:29,11
LF:13
LH:13
BRF:0
BRH:0
end_of_record
TN:
SF:src\store\getters.ts
FN:19,(anonymous_0)
FN:21,(anonymous_1)
FN:24,(anonymous_2)
FN:26,(anonymous_3)
FN:29,(anonymous_4)
FN:29,(anonymous_5)
FN:33,(anonymous_6)
FN:33,(anonymous_7)
FN:37,(anonymous_8)
FN:39,(anonymous_9)
FN:40,(anonymous_10)
FN:42,(anonymous_11)
FNF:12
FNH:12
FNDA:1,(anonymous_0)
FNDA:3,(anonymous_1)
FNDA:1,(anonymous_2)
FNDA:3,(anonymous_3)
FNDA:2,(anonymous_4)
FNDA:2,(anonymous_5)
FNDA:2,(anonymous_6)
FNDA:2,(anonymous_7)
FNDA:1,(anonymous_8)
FNDA:1,(anonymous_9)
FNDA:1,(anonymous_10)
FNDA:1,(anonymous_11)
DA:1,9
DA:18,9
DA:20,1
DA:21,3
DA:22,1
DA:25,1
DA:26,3
DA:27,1
DA:29,2
DA:30,2
DA:31,1
DA:33,2
DA:34,2
DA:35,1
DA:38,1
DA:39,1
DA:40,1
DA:43,1
DA:47,9
LF:19
LH:19
BRDA:30,0,0,1
BRDA:34,1,0,1
BRF:2
BRH:2
end_of_record
TN:
SF:src\store\index.ts
FNF:0
FNH:0
DA:3,8
DA:5,8
DA:6,8
DA:7,8
DA:8,8
DA:11,8
DA:13,8
DA:21,8
LF:8
LH:8
BRF:0
BRH:0
end_of_record
TN:
SF:src\store\mutations.ts
FN:12,(anonymous_0)
FN:15,(anonymous_1)
FN:18,(anonymous_2)
FN:21,(anonymous_3)
FN:27,(anonymous_4)
FNF:5
FNH:5
FNDA:1,(anonymous_0)
FNDA:1,(anonymous_1)
FNDA:1,(anonymous_2)
FNDA:1,(anonymous_3)
FNDA:1,(anonymous_4)
DA:2,9
DA:11,9
DA:13,1
DA:16,1
DA:19,1
DA:25,1
DA:28,1
DA:32,9
LF:8
LH:8
BRF:0
BRH:0
end_of_record
TN:
SF:src\store\state.ts
FN:3,(anonymous_0)
FNF:1
FNH:1
FNDA:23,(anonymous_0)
DA:3,12
DA:4,23
DA:13,12
LF:3
LH:3
BRF:0
BRH:0
end_of_record
TN:
SF:src\utils\nextElementInList.ts
FN:1,(anonymous_0)
FNF:1
FNH:1
FNDA:5,(anonymous_0)
DA:1,2
DA:2,5
DA:3,5
DA:4,5
DA:5,5
DA:8,2
LF:6
LH:6
BRF:0
BRH:0
end_of_record
TN:
SF:tests\unit\store\utils.ts
FN:6,(anonymous_1)
FN:12,(anonymous_2)
FN:26,(anonymous_3)
FNF:3
FNH:3
FNDA:13,(anonymous_1)
FNDA:18,(anonymous_2)
FNDA:3,(anonymous_3)
DA:4,3
DA:6,3
DA:7,13
DA:9,13
DA:12,18
DA:26,3
DA:28,3
LF:7
LH:7
BRDA:6,0,0,0
BRDA:12,1,0,2
BRDA:27,2,0,2
BRF:3
BRH:2
end_of_record
